  [1m[35m (167.3ms)[0m  [1m[35mCREATE DATABASE "webforum_development" ENCODING = 'unicode'[0m
  [1m[35m (46.5ms)[0m  [1m[35mCREATE DATABASE "webforum_test" ENCODING = 'unicode'[0m
  [1m[35m (18.3ms)[0m  [1m[35mCREATE TABLE "schema_migrations" ("version" character varying NOT NULL PRIMARY KEY)[0m
  [1m[35m (2.7ms)[0m  [1m[35mCREATE TABLE "ar_internal_metadata" ("key" character varying NOT NULL PRIMARY KEY, "value" character varying, "created_at" timestamp(6) NOT NULL, "updated_at" timestamp(6) NOT NULL)[0m
  [1m[35m (0.1ms)[0m  [1m[34mSELECT pg_try_advisory_lock(5280685458787643310)[0m
  [1m[36mActiveRecord::SchemaMigration Load (0.7ms)[0m  [1m[34mSELECT "schema_migrations"."version" FROM "schema_migrations" ORDER BY "schema_migrations"."version" ASC[0m
  [1m[36mActiveRecord::InternalMetadata Load (1.8ms)[0m  [1m[34mSELECT * FROM "ar_internal_metadata" WHERE "ar_internal_metadata"."key" = $1 ORDER BY "ar_internal_metadata"."key" ASC LIMIT 1[0m  [[nil, "environment"]]
  [1m[36mActiveRecord::InternalMetadata Create (1.0ms)[0m  [1m[32mINSERT INTO "ar_internal_metadata" ("key", "value", "created_at", "updated_at") VALUES ('environment', 'development', '2024-01-14 06:50:50.997651', '2024-01-14 06:50:50.997653') RETURNING "key"[0m
Migrating to CreatePosts (20240114064716)
  [1m[36mTRANSACTION (0.1ms)[0m  [1m[35mBEGIN[0m
  [1m[35m (7.5ms)[0m  [1m[35mCREATE TABLE "posts" ("id" bigserial primary key, "title" character varying, "body" text, "slug" character varying, "created_at" timestamp(6) NOT NULL, "updated_at" timestamp(6) NOT NULL)[0m
  [1m[36mActiveRecord::SchemaMigration Create (0.5ms)[0m  [1m[32mINSERT INTO "schema_migrations" ("version") VALUES ('20240114064716') RETURNING "version"[0m
  [1m[36mTRANSACTION (0.3ms)[0m  [1m[35mCOMMIT[0m
Migrating to CreateComments (20240114064851)
  [1m[36mTRANSACTION (0.2ms)[0m  [1m[35mBEGIN[0m
  [1m[35m (7.2ms)[0m  [1m[35mCREATE TABLE "comments" ("id" bigserial primary key, "title" character varying, "body" text, "post_id" bigint NOT NULL, "created_at" timestamp(6) NOT NULL, "updated_at" timestamp(6) NOT NULL, CONSTRAINT "fk_rails_2fd19c0db7"
FOREIGN KEY ("post_id")
  REFERENCES "posts" ("id")
)[0m
  [1m[35m (1.3ms)[0m  [1m[35mCREATE INDEX "index_comments_on_post_id" ON "comments" ("post_id")[0m
  [1m[36mActiveRecord::SchemaMigration Create (0.2ms)[0m  [1m[32mINSERT INTO "schema_migrations" ("version") VALUES ('20240114064851') RETURNING "version"[0m
  [1m[36mTRANSACTION (0.2ms)[0m  [1m[35mCOMMIT[0m
  [1m[35m (0.4ms)[0m  [1m[34mSELECT pg_advisory_unlock(5280685458787643310)[0m
  [1m[36mActiveRecord::SchemaMigration Load (0.6ms)[0m  [1m[34mSELECT "schema_migrations"."version" FROM "schema_migrations" ORDER BY "schema_migrations"."version" ASC[0m
  [1m[35m (0.1ms)[0m  [1m[34mSELECT pg_try_advisory_lock(5280685458787643310)[0m
  [1m[36mActiveRecord::SchemaMigration Load (0.9ms)[0m  [1m[34mSELECT "schema_migrations"."version" FROM "schema_migrations" ORDER BY "schema_migrations"."version" ASC[0m
  [1m[36mActiveRecord::InternalMetadata Load (0.9ms)[0m  [1m[34mSELECT * FROM "ar_internal_metadata" WHERE "ar_internal_metadata"."key" = $1 ORDER BY "ar_internal_metadata"."key" ASC LIMIT 1[0m  [[nil, "environment"]]
Migrating to AddCategoryToPost (20240114071006)
  [1m[36mTRANSACTION (0.1ms)[0m  [1m[35mBEGIN[0m
  [1m[35m (1.2ms)[0m  [1m[35mALTER TABLE "posts" ADD "category" character varying[0m
  [1m[36mActiveRecord::SchemaMigration Create (0.2ms)[0m  [1m[32mINSERT INTO "schema_migrations" ("version") VALUES ('20240114071006') RETURNING "version"[0m
  [1m[36mTRANSACTION (0.5ms)[0m  [1m[35mCOMMIT[0m
  [1m[35m (0.1ms)[0m  [1m[34mSELECT pg_advisory_unlock(5280685458787643310)[0m
  [1m[36mActiveRecord::SchemaMigration Load (0.1ms)[0m  [1m[34mSELECT "schema_migrations"."version" FROM "schema_migrations" ORDER BY "schema_migrations"."version" ASC[0m
  [1m[36mActiveRecord::SchemaMigration Load (1.0ms)[0m  [1m[34mSELECT "schema_migrations"."version" FROM "schema_migrations" ORDER BY "schema_migrations"."version" ASC[0m
  [1m[36mPost Load (0.8ms)[0m  [1m[34mSELECT "posts".* FROM "posts" ORDER BY "posts"."id" ASC LIMIT $1[0m  [["LIMIT", 1]]
  [1m[36mActiveRecord::SchemaMigration Load (0.6ms)[0m  [1m[34mSELECT "schema_migrations"."version" FROM "schema_migrations" ORDER BY "schema_migrations"."version" ASC[0m
  [1m[36mActiveRecord::SchemaMigration Load (0.7ms)[0m  [1m[34mSELECT "schema_migrations"."version" FROM "schema_migrations" ORDER BY "schema_migrations"."version" ASC[0m
  [1m[36mPost Load (0.6ms)[0m  [1m[34mSELECT "posts".* FROM "posts" ORDER BY "posts"."id" ASC LIMIT $1[0m  [["LIMIT", 1]]
  [1m[36mPost Count (2.2ms)[0m  [1m[34mSELECT COUNT(*) FROM "posts"[0m
  [1m[36mActiveRecord::SchemaMigration Load (0.6ms)[0m  [1m[34mSELECT "schema_migrations"."version" FROM "schema_migrations" ORDER BY "schema_migrations"."version" ASC[0m
  [1m[36mPost Count (0.6ms)[0m  [1m[34mSELECT COUNT(*) FROM "posts"[0m
  [1m[36mPost Load (0.3ms)[0m  [1m[34mSELECT "posts".* FROM "posts" ORDER BY "posts"."id" ASC LIMIT $1[0m  [["LIMIT", 1]]
  [1m[36mPost Load (0.7ms)[0m  [1m[34mSELECT "posts".* FROM "posts" ORDER BY "posts"."id" ASC LIMIT $1[0m  [["LIMIT", 1]]
  [1m[36mComment Count (2.2ms)[0m  [1m[34mSELECT COUNT(*) FROM "comments"[0m
  [1m[36mPost Load (1.7ms)[0m  [1m[34mSELECT "posts".* FROM "posts" ORDER BY "posts"."id" ASC LIMIT $1[0m  [["LIMIT", 1]]
  [1m[36mActiveRecord::SchemaMigration Load (1.0ms)[0m  [1m[34mSELECT "schema_migrations"."version" FROM "schema_migrations" ORDER BY "schema_migrations"."version" ASC[0m
  [1m[36mTRANSACTION (0.1ms)[0m  [1m[35mBEGIN[0m
  [1m[36mPost Create (1.3ms)[0m  [1m[32mINSERT INTO "posts" ("title", "body", "slug", "created_at", "updated_at", "category") VALUES ($1, $2, $3, $4, $5, $6) RETURNING "id"[0m  [["title", "How to grow a plant"], ["body", "Plant the seeds into the soil, water the soil, leave in sunlight."], ["slug", nil], ["created_at", "2024-01-14 07:26:20.907798"], ["updated_at", "2024-01-14 07:26:20.907798"], ["category", "Plants"]]
  [1m[36mTRANSACTION (0.3ms)[0m  [1m[35mCOMMIT[0m
  [1m[36mTRANSACTION (0.1ms)[0m  [1m[35mBEGIN[0m
  [1m[36mPost Create (0.8ms)[0m  [1m[32mINSERT INTO "posts" ("title", "body", "slug", "created_at", "updated_at", "category") VALUES ($1, $2, $3, $4, $5, $6) RETURNING "id"[0m  [["title", "Orchard Road Christmas Celebration"], ["body", "Beautiful, but extremely crowded."], ["slug", nil], ["created_at", "2024-01-14 07:26:20.910654"], ["updated_at", "2024-01-14 07:26:20.910654"], ["category", "Singapore"]]
  [1m[36mTRANSACTION (0.2ms)[0m  [1m[35mCOMMIT[0m
  [1m[36mPost Load (0.2ms)[0m  [1m[34mSELECT "posts".* FROM "posts" ORDER BY "posts"."id" ASC LIMIT $1[0m  [["LIMIT", 1]]
  [1m[36mCACHE Post Load (0.0ms)[0m  [1m[34mSELECT "posts".* FROM "posts" ORDER BY "posts"."id" ASC LIMIT $1[0m  [["LIMIT", 1]]
  [1m[36mTRANSACTION (0.1ms)[0m  [1m[35mBEGIN[0m
  [1m[36mComment Create (3.3ms)[0m  [1m[32mINSERT INTO "comments" ("title", "body", "post_id", "created_at", "updated_at") VALUES ($1, $2, $3, $4, $5) RETURNING "id"[0m  [["title", "Growing carrots"], ["body", "Plant a whole carrot into the soil until the leaves grow out from the soil."], ["post_id", 1], ["created_at", "2024-01-14 07:26:20.934325"], ["updated_at", "2024-01-14 07:26:20.934325"]]
  [1m[36mTRANSACTION (0.2ms)[0m  [1m[35mCOMMIT[0m
  [1m[36mTRANSACTION (0.1ms)[0m  [1m[35mBEGIN[0m
  [1m[36mComment Create (1.7ms)[0m  [1m[32mINSERT INTO "comments" ("title", "body", "post_id", "created_at", "updated_at") VALUES ($1, $2, $3, $4, $5) RETURNING "id"[0m  [["title", "Growing bananas"], ["body", "Plant a banana tree"], ["post_id", 1], ["created_at", "2024-01-14 07:26:20.940936"], ["updated_at", "2024-01-14 07:26:20.940936"]]
  [1m[36mTRANSACTION (0.2ms)[0m  [1m[35mCOMMIT[0m
  [1m[36mPost Count (0.8ms)[0m  [1m[34mSELECT COUNT(*) FROM "posts"[0m
  [1m[36mComment Count (0.7ms)[0m  [1m[34mSELECT COUNT(*) FROM "comments"[0m
  [1m[36mPost Load (0.6ms)[0m  [1m[34mSELECT "posts".* FROM "posts" ORDER BY "posts"."id" ASC LIMIT $1[0m  [["LIMIT", 1]]
  [1m[36mPost Count (1.4ms)[0m  [1m[34mSELECT COUNT(*) FROM "posts"[0m
  [1m[36mPost Load (0.6ms)[0m  [1m[34mSELECT "posts".* FROM "posts" ORDER BY "posts"."id" ASC LIMIT $1[0m  [["LIMIT", 1]]
Started GET "/api/v1/posts.json" for 127.0.0.1 at 2024-01-14 16:06:36 +0800
  [1m[36mActiveRecord::SchemaMigration Load (1.0ms)[0m  [1m[34mSELECT "schema_migrations"."version" FROM "schema_migrations" ORDER BY "schema_migrations"."version" ASC[0m
Processing by Api::V1::PostsController#index as JSON
  [1m[36mPost Load (0.6ms)[0m  [1m[34mSELECT "posts".* FROM "posts"[0m
  ↳ app/controllers/api/v1/posts_controller.rb:8:in `index'
  [1m[36mComment Pluck (0.7ms)[0m  [1m[34mSELECT "comments"."id" FROM "comments" WHERE "comments"."post_id" = $1[0m  [["post_id", 1]]
  ↳ app/controllers/api/v1/posts_controller.rb:8:in `index'
  [1m[36mComment Load (0.2ms)[0m  [1m[34mSELECT "comments".* FROM "comments" WHERE "comments"."post_id" = $1[0m  [["post_id", 1]]
  ↳ app/controllers/api/v1/posts_controller.rb:8:in `index'
  [1m[36mComment Pluck (0.1ms)[0m  [1m[34mSELECT "comments"."id" FROM "comments" WHERE "comments"."post_id" = $1[0m  [["post_id", 2]]
  ↳ app/controllers/api/v1/posts_controller.rb:8:in `index'
  [1m[36mComment Load (0.1ms)[0m  [1m[34mSELECT "comments".* FROM "comments" WHERE "comments"."post_id" = $1[0m  [["post_id", 2]]
  ↳ app/controllers/api/v1/posts_controller.rb:8:in `index'
Completed 200 OK in 63ms (Views: 0.4ms | ActiveRecord: 19.3ms | Allocations: 40773)


  [1m[36mActiveRecord::SchemaMigration Load (0.9ms)[0m  [1m[34mSELECT "schema_migrations"."version" FROM "schema_migrations" ORDER BY "schema_migrations"."version" ASC[0m
  [1m[36mTRANSACTION (0.1ms)[0m  [1m[35mBEGIN[0m
  [1m[36mPost Create (1.2ms)[0m  [1m[32mINSERT INTO "posts" ("title", "body", "slug", "created_at", "updated_at", "category") VALUES ($1, $2, $3, $4, $5, $6) RETURNING "id"[0m  [["title", "How to grow a plant"], ["body", "Plant the seeds into the soil, water the soil, leave in sunlight."], ["slug", "how-to-grow-a-plant"], ["created_at", "2024-01-14 08:10:46.885534"], ["updated_at", "2024-01-14 08:10:46.885534"], ["category", "Plants"]]
  [1m[36mTRANSACTION (1.0ms)[0m  [1m[35mCOMMIT[0m
  [1m[36mTRANSACTION (0.2ms)[0m  [1m[35mBEGIN[0m
  [1m[36mPost Create (1.0ms)[0m  [1m[32mINSERT INTO "posts" ("title", "body", "slug", "created_at", "updated_at", "category") VALUES ($1, $2, $3, $4, $5, $6) RETURNING "id"[0m  [["title", "Orchard Road Christmas Celebration"], ["body", "Beautiful, but extremely crowded."], ["slug", "orchard-road-christmas-celebration"], ["created_at", "2024-01-14 08:10:46.888959"], ["updated_at", "2024-01-14 08:10:46.888959"], ["category", "Singapore"]]
  [1m[36mTRANSACTION (0.2ms)[0m  [1m[35mCOMMIT[0m
  [1m[36mPost Load (0.3ms)[0m  [1m[34mSELECT "posts".* FROM "posts" ORDER BY "posts"."id" ASC LIMIT $1[0m  [["LIMIT", 1]]
  [1m[36mCACHE Post Load (0.0ms)[0m  [1m[34mSELECT "posts".* FROM "posts" ORDER BY "posts"."id" ASC LIMIT $1[0m  [["LIMIT", 1]]
  [1m[36mTRANSACTION (0.1ms)[0m  [1m[35mBEGIN[0m
  [1m[36mComment Create (15.2ms)[0m  [1m[32mINSERT INTO "comments" ("title", "body", "post_id", "created_at", "updated_at") VALUES ($1, $2, $3, $4, $5) RETURNING "id"[0m  [["title", "Growing carrots"], ["body", "Plant a whole carrot into the soil until the leaves grow out from the soil."], ["post_id", 1], ["created_at", "2024-01-14 08:10:46.903391"], ["updated_at", "2024-01-14 08:10:46.903391"]]
  [1m[36mTRANSACTION (2.3ms)[0m  [1m[35mCOMMIT[0m
  [1m[36mTRANSACTION (0.2ms)[0m  [1m[35mBEGIN[0m
  [1m[36mComment Create (3.9ms)[0m  [1m[32mINSERT INTO "comments" ("title", "body", "post_id", "created_at", "updated_at") VALUES ($1, $2, $3, $4, $5) RETURNING "id"[0m  [["title", "Growing bananas"], ["body", "Plant a banana tree"], ["post_id", 1], ["created_at", "2024-01-14 08:10:46.932588"], ["updated_at", "2024-01-14 08:10:46.932588"]]
  [1m[36mTRANSACTION (0.2ms)[0m  [1m[35mCOMMIT[0m
  [1m[36mPost Load (0.5ms)[0m  [1m[34mSELECT "posts".* FROM "posts" ORDER BY "posts"."id" ASC LIMIT $1[0m  [["LIMIT", 1]]
  [1m[36mComment Load (0.8ms)[0m  [1m[34mSELECT "comments".* FROM "comments" WHERE "comments"."post_id" = $1 /* loading for pp */ LIMIT $2[0m  [["post_id", 1], ["LIMIT", 11]]
  [1m[36mComment Count (1.1ms)[0m  [1m[34mSELECT COUNT(*) FROM "comments"[0m
  [1m[36mPost Load (1.1ms)[0m  [1m[34mSELECT "posts".* FROM "posts" ORDER BY "posts"."id" ASC LIMIT $1[0m  [["LIMIT", 1]]
Started GET "/api/v1/posts.json" for 127.0.0.1 at 2024-01-14 16:16:49 +0800
  [1m[36mActiveRecord::SchemaMigration Load (1.0ms)[0m  [1m[34mSELECT "schema_migrations"."version" FROM "schema_migrations" ORDER BY "schema_migrations"."version" ASC[0m
Processing by Api::V1::PostsController#index as JSON
  [1m[36mPost Load (0.9ms)[0m  [1m[34mSELECT "posts".* FROM "posts"[0m
  ↳ app/controllers/api/v1/posts_controller.rb:8:in `index'
  [1m[36mComment Pluck (0.4ms)[0m  [1m[34mSELECT "comments"."id" FROM "comments" WHERE "comments"."post_id" = $1[0m  [["post_id", 1]]
  ↳ app/controllers/api/v1/posts_controller.rb:8:in `index'
  [1m[36mComment Load (0.2ms)[0m  [1m[34mSELECT "comments".* FROM "comments" WHERE "comments"."post_id" = $1[0m  [["post_id", 1]]
  ↳ app/controllers/api/v1/posts_controller.rb:8:in `index'
  [1m[36mComment Pluck (0.1ms)[0m  [1m[34mSELECT "comments"."id" FROM "comments" WHERE "comments"."post_id" = $1[0m  [["post_id", 2]]
  ↳ app/controllers/api/v1/posts_controller.rb:8:in `index'
  [1m[36mComment Load (0.1ms)[0m  [1m[34mSELECT "comments".* FROM "comments" WHERE "comments"."post_id" = $1[0m  [["post_id", 2]]
  ↳ app/controllers/api/v1/posts_controller.rb:8:in `index'
  [1m[36mComment Pluck (0.1ms)[0m  [1m[34mSELECT "comments"."id" FROM "comments" WHERE "comments"."post_id" = $1[0m  [["post_id", 3]]
  ↳ app/controllers/api/v1/posts_controller.rb:8:in `index'
  [1m[36mComment Load (0.1ms)[0m  [1m[34mSELECT "comments".* FROM "comments" WHERE "comments"."post_id" = $1[0m  [["post_id", 3]]
  ↳ app/controllers/api/v1/posts_controller.rb:8:in `index'
  [1m[36mComment Pluck (0.1ms)[0m  [1m[34mSELECT "comments"."id" FROM "comments" WHERE "comments"."post_id" = $1[0m  [["post_id", 4]]
  ↳ app/controllers/api/v1/posts_controller.rb:8:in `index'
  [1m[36mComment Load (0.2ms)[0m  [1m[34mSELECT "comments".* FROM "comments" WHERE "comments"."post_id" = $1[0m  [["post_id", 4]]
  ↳ app/controllers/api/v1/posts_controller.rb:8:in `index'
Completed 200 OK in 47ms (Views: 0.5ms | ActiveRecord: 17.6ms | Allocations: 39661)


  [1m[36mActiveRecord::SchemaMigration Load (0.7ms)[0m  [1m[34mSELECT "schema_migrations"."version" FROM "schema_migrations" ORDER BY "schema_migrations"."version" ASC[0m
  [1m[36mTRANSACTION (0.1ms)[0m  [1m[35mBEGIN[0m
  [1m[36mPost Create (0.9ms)[0m  [1m[32mINSERT INTO "posts" ("title", "body", "slug", "created_at", "updated_at", "category") VALUES ($1, $2, $3, $4, $5, $6) RETURNING "id"[0m  [["title", "How to grow a plant"], ["body", "Plant the seeds into the soil, water the soil, leave in sunlight."], ["slug", "how-to-grow-a-plant"], ["created_at", "2024-01-14 08:19:24.970729"], ["updated_at", "2024-01-14 08:19:24.970729"], ["category", "Plants"]]
  [1m[36mTRANSACTION (0.7ms)[0m  [1m[35mCOMMIT[0m
  [1m[36mTRANSACTION (0.1ms)[0m  [1m[35mBEGIN[0m
  [1m[36mPost Create (0.8ms)[0m  [1m[32mINSERT INTO "posts" ("title", "body", "slug", "created_at", "updated_at", "category") VALUES ($1, $2, $3, $4, $5, $6) RETURNING "id"[0m  [["title", "Orchard Road Christmas Celebration"], ["body", "Beautiful, but extremely crowded."], ["slug", "orchard-road-christmas-celebration"], ["created_at", "2024-01-14 08:19:24.973654"], ["updated_at", "2024-01-14 08:19:24.973654"], ["category", "Singapore"]]
  [1m[36mTRANSACTION (0.2ms)[0m  [1m[35mCOMMIT[0m
  [1m[36mPost Load (0.3ms)[0m  [1m[34mSELECT "posts".* FROM "posts" ORDER BY "posts"."id" ASC LIMIT $1[0m  [["LIMIT", 1]]
  [1m[36mCACHE Post Load (0.0ms)[0m  [1m[34mSELECT "posts".* FROM "posts" ORDER BY "posts"."id" ASC LIMIT $1[0m  [["LIMIT", 1]]
  [1m[36mTRANSACTION (0.1ms)[0m  [1m[35mBEGIN[0m
  [1m[36mComment Create (1.9ms)[0m  [1m[32mINSERT INTO "comments" ("title", "body", "post_id", "created_at", "updated_at") VALUES ($1, $2, $3, $4, $5) RETURNING "id"[0m  [["title", "Growing carrots"], ["body", "Plant a whole carrot into the soil until the leaves grow out from the soil."], ["post_id", 1], ["created_at", "2024-01-14 08:19:24.986817"], ["updated_at", "2024-01-14 08:19:24.986817"]]
  [1m[36mTRANSACTION (0.3ms)[0m  [1m[35mCOMMIT[0m
  [1m[36mTRANSACTION (0.1ms)[0m  [1m[35mBEGIN[0m
  [1m[36mComment Create (1.7ms)[0m  [1m[32mINSERT INTO "comments" ("title", "body", "post_id", "created_at", "updated_at") VALUES ($1, $2, $3, $4, $5) RETURNING "id"[0m  [["title", "Growing bananas"], ["body", "Plant a banana tree"], ["post_id", 1], ["created_at", "2024-01-14 08:19:24.991883"], ["updated_at", "2024-01-14 08:19:24.991883"]]
  [1m[36mTRANSACTION (0.2ms)[0m  [1m[35mCOMMIT[0m
Started GET "/api/v1/posts.json" for 127.0.0.1 at 2024-01-14 16:19:35 +0800
  [1m[36mActiveRecord::SchemaMigration Load (0.9ms)[0m  [1m[34mSELECT "schema_migrations"."version" FROM "schema_migrations" ORDER BY "schema_migrations"."version" ASC[0m
Processing by Api::V1::PostsController#index as JSON
  [1m[36mPost Load (0.6ms)[0m  [1m[34mSELECT "posts".* FROM "posts"[0m
  ↳ app/controllers/api/v1/posts_controller.rb:8:in `index'
  [1m[36mComment Pluck (0.6ms)[0m  [1m[34mSELECT "comments"."id" FROM "comments" WHERE "comments"."post_id" = $1[0m  [["post_id", 1]]
  ↳ app/controllers/api/v1/posts_controller.rb:8:in `index'
  [1m[36mComment Load (0.2ms)[0m  [1m[34mSELECT "comments".* FROM "comments" WHERE "comments"."post_id" = $1[0m  [["post_id", 1]]
  ↳ app/controllers/api/v1/posts_controller.rb:8:in `index'
  [1m[36mComment Pluck (0.1ms)[0m  [1m[34mSELECT "comments"."id" FROM "comments" WHERE "comments"."post_id" = $1[0m  [["post_id", 2]]
  ↳ app/controllers/api/v1/posts_controller.rb:8:in `index'
  [1m[36mComment Load (0.1ms)[0m  [1m[34mSELECT "comments".* FROM "comments" WHERE "comments"."post_id" = $1[0m  [["post_id", 2]]
  ↳ app/controllers/api/v1/posts_controller.rb:8:in `index'
  [1m[36mComment Pluck (0.1ms)[0m  [1m[34mSELECT "comments"."id" FROM "comments" WHERE "comments"."post_id" = $1[0m  [["post_id", 3]]
  ↳ app/controllers/api/v1/posts_controller.rb:8:in `index'
  [1m[36mComment Load (0.1ms)[0m  [1m[34mSELECT "comments".* FROM "comments" WHERE "comments"."post_id" = $1[0m  [["post_id", 3]]
  ↳ app/controllers/api/v1/posts_controller.rb:8:in `index'
  [1m[36mComment Pluck (0.1ms)[0m  [1m[34mSELECT "comments"."id" FROM "comments" WHERE "comments"."post_id" = $1[0m  [["post_id", 4]]
  ↳ app/controllers/api/v1/posts_controller.rb:8:in `index'
  [1m[36mComment Load (0.1ms)[0m  [1m[34mSELECT "comments".* FROM "comments" WHERE "comments"."post_id" = $1[0m  [["post_id", 4]]
  ↳ app/controllers/api/v1/posts_controller.rb:8:in `index'
  [1m[36mComment Pluck (0.1ms)[0m  [1m[34mSELECT "comments"."id" FROM "comments" WHERE "comments"."post_id" = $1[0m  [["post_id", 5]]
  ↳ app/controllers/api/v1/posts_controller.rb:8:in `index'
  [1m[36mComment Load (0.1ms)[0m  [1m[34mSELECT "comments".* FROM "comments" WHERE "comments"."post_id" = $1[0m  [["post_id", 5]]
  ↳ app/controllers/api/v1/posts_controller.rb:8:in `index'
  [1m[36mComment Pluck (0.1ms)[0m  [1m[34mSELECT "comments"."id" FROM "comments" WHERE "comments"."post_id" = $1[0m  [["post_id", 6]]
  ↳ app/controllers/api/v1/posts_controller.rb:8:in `index'
  [1m[36mComment Load (0.1ms)[0m  [1m[34mSELECT "comments".* FROM "comments" WHERE "comments"."post_id" = $1[0m  [["post_id", 6]]
  ↳ app/controllers/api/v1/posts_controller.rb:8:in `index'
Completed 200 OK in 47ms (Views: 0.4ms | ActiveRecord: 20.2ms | Allocations: 42213)


  [1m[36mActiveRecord::SchemaMigration Load (1.1ms)[0m  [1m[34mSELECT "schema_migrations"."version" FROM "schema_migrations" ORDER BY "schema_migrations"."version" ASC[0m
  [1m[36mTRANSACTION (0.1ms)[0m  [1m[35mBEGIN[0m
  [1m[36mPost Create (1.0ms)[0m  [1m[32mINSERT INTO "posts" ("title", "body", "slug", "created_at", "updated_at", "category") VALUES ($1, $2, $3, $4, $5, $6) RETURNING "id"[0m  [["title", "How to grow a plant"], ["body", "Plant the seeds into the soil, water the soil, leave in sunlight."], ["slug", "how-to-grow-a-plant"], ["created_at", "2024-01-14 08:21:31.731092"], ["updated_at", "2024-01-14 08:21:31.731092"], ["category", "Plants"]]
  [1m[36mTRANSACTION (0.7ms)[0m  [1m[35mCOMMIT[0m
  [1m[36mTRANSACTION (0.1ms)[0m  [1m[35mBEGIN[0m
  [1m[36mPost Create (1.0ms)[0m  [1m[32mINSERT INTO "posts" ("title", "body", "slug", "created_at", "updated_at", "category") VALUES ($1, $2, $3, $4, $5, $6) RETURNING "id"[0m  [["title", "Orchard Road Christmas Celebration"], ["body", "Beautiful, but extremely crowded."], ["slug", "orchard-road-christmas-celebration"], ["created_at", "2024-01-14 08:21:31.734103"], ["updated_at", "2024-01-14 08:21:31.734103"], ["category", "Singapore"]]
  [1m[36mTRANSACTION (0.2ms)[0m  [1m[35mCOMMIT[0m
  [1m[36mTRANSACTION (0.1ms)[0m  [1m[35mBEGIN[0m
  [1m[36mPost Create (0.8ms)[0m  [1m[32mINSERT INTO "posts" ("title", "body", "slug", "created_at", "updated_at", "category") VALUES ($1, $2, $3, $4, $5, $6) RETURNING "id"[0m  [["title", "Chocolate Chip Cookie Recipe"], ["body", "Flour, butter, sugar, chocolate."], ["slug", "chocolate-chip-cookie-recipe"], ["created_at", "2024-01-14 08:21:31.736208"], ["updated_at", "2024-01-14 08:21:31.736208"], ["category", "Baking"]]
  [1m[36mTRANSACTION (0.2ms)[0m  [1m[35mCOMMIT[0m
  [1m[36mPost Load (0.4ms)[0m  [1m[34mSELECT "posts".* FROM "posts" ORDER BY "posts"."id" ASC LIMIT $1[0m  [["LIMIT", 1]]
  [1m[36mCACHE Post Load (0.0ms)[0m  [1m[34mSELECT "posts".* FROM "posts" ORDER BY "posts"."id" ASC LIMIT $1[0m  [["LIMIT", 1]]
  [1m[36mTRANSACTION (0.1ms)[0m  [1m[35mBEGIN[0m
  [1m[36mComment Create (3.4ms)[0m  [1m[32mINSERT INTO "comments" ("title", "body", "post_id", "created_at", "updated_at") VALUES ($1, $2, $3, $4, $5) RETURNING "id"[0m  [["title", "Growing carrots"], ["body", "Plant a whole carrot into the soil until the leaves grow out from the soil."], ["post_id", 1], ["created_at", "2024-01-14 08:21:31.759522"], ["updated_at", "2024-01-14 08:21:31.759522"]]
  [1m[36mTRANSACTION (0.2ms)[0m  [1m[35mCOMMIT[0m
  [1m[36mTRANSACTION (0.1ms)[0m  [1m[35mBEGIN[0m
  [1m[36mComment Create (2.2ms)[0m  [1m[32mINSERT INTO "comments" ("title", "body", "post_id", "created_at", "updated_at") VALUES ($1, $2, $3, $4, $5) RETURNING "id"[0m  [["title", "Growing bananas"], ["body", "Plant a banana tree"], ["post_id", 1], ["created_at", "2024-01-14 08:21:31.766095"], ["updated_at", "2024-01-14 08:21:31.766095"]]
  [1m[36mTRANSACTION (0.3ms)[0m  [1m[35mCOMMIT[0m
Started GET "/api/v1/posts.json" for 127.0.0.1 at 2024-01-14 16:21:47 +0800
  [1m[36mActiveRecord::SchemaMigration Load (1.0ms)[0m  [1m[34mSELECT "schema_migrations"."version" FROM "schema_migrations" ORDER BY "schema_migrations"."version" ASC[0m
Processing by Api::V1::PostsController#index as JSON
  [1m[36mPost Load (0.7ms)[0m  [1m[34mSELECT "posts".* FROM "posts"[0m
  ↳ app/controllers/api/v1/posts_controller.rb:8:in `index'
  [1m[36mComment Pluck (0.7ms)[0m  [1m[34mSELECT "comments"."id" FROM "comments" WHERE "comments"."post_id" = $1[0m  [["post_id", 1]]
  ↳ app/controllers/api/v1/posts_controller.rb:8:in `index'
  [1m[36mComment Load (0.2ms)[0m  [1m[34mSELECT "comments".* FROM "comments" WHERE "comments"."post_id" = $1[0m  [["post_id", 1]]
  ↳ app/controllers/api/v1/posts_controller.rb:8:in `index'
  [1m[36mComment Pluck (0.1ms)[0m  [1m[34mSELECT "comments"."id" FROM "comments" WHERE "comments"."post_id" = $1[0m  [["post_id", 2]]
  ↳ app/controllers/api/v1/posts_controller.rb:8:in `index'
  [1m[36mComment Load (0.2ms)[0m  [1m[34mSELECT "comments".* FROM "comments" WHERE "comments"."post_id" = $1[0m  [["post_id", 2]]
  ↳ app/controllers/api/v1/posts_controller.rb:8:in `index'
  [1m[36mComment Pluck (0.9ms)[0m  [1m[34mSELECT "comments"."id" FROM "comments" WHERE "comments"."post_id" = $1[0m  [["post_id", 3]]
  ↳ app/controllers/api/v1/posts_controller.rb:8:in `index'
  [1m[36mComment Load (1.1ms)[0m  [1m[34mSELECT "comments".* FROM "comments" WHERE "comments"."post_id" = $1[0m  [["post_id", 3]]
  ↳ app/controllers/api/v1/posts_controller.rb:8:in `index'
  [1m[36mComment Pluck (0.2ms)[0m  [1m[34mSELECT "comments"."id" FROM "comments" WHERE "comments"."post_id" = $1[0m  [["post_id", 4]]
  ↳ app/controllers/api/v1/posts_controller.rb:8:in `index'
  [1m[36mComment Load (0.2ms)[0m  [1m[34mSELECT "comments".* FROM "comments" WHERE "comments"."post_id" = $1[0m  [["post_id", 4]]
  ↳ app/controllers/api/v1/posts_controller.rb:8:in `index'
  [1m[36mComment Pluck (0.1ms)[0m  [1m[34mSELECT "comments"."id" FROM "comments" WHERE "comments"."post_id" = $1[0m  [["post_id", 5]]
  ↳ app/controllers/api/v1/posts_controller.rb:8:in `index'
  [1m[36mComment Load (0.1ms)[0m  [1m[34mSELECT "comments".* FROM "comments" WHERE "comments"."post_id" = $1[0m  [["post_id", 5]]
  ↳ app/controllers/api/v1/posts_controller.rb:8:in `index'
  [1m[36mComment Pluck (0.1ms)[0m  [1m[34mSELECT "comments"."id" FROM "comments" WHERE "comments"."post_id" = $1[0m  [["post_id", 6]]
  ↳ app/controllers/api/v1/posts_controller.rb:8:in `index'
  [1m[36mComment Load (0.1ms)[0m  [1m[34mSELECT "comments".* FROM "comments" WHERE "comments"."post_id" = $1[0m  [["post_id", 6]]
  ↳ app/controllers/api/v1/posts_controller.rb:8:in `index'
  [1m[36mComment Pluck (0.1ms)[0m  [1m[34mSELECT "comments"."id" FROM "comments" WHERE "comments"."post_id" = $1[0m  [["post_id", 7]]
  ↳ app/controllers/api/v1/posts_controller.rb:8:in `index'
  [1m[36mComment Load (0.1ms)[0m  [1m[34mSELECT "comments".* FROM "comments" WHERE "comments"."post_id" = $1[0m  [["post_id", 7]]
  ↳ app/controllers/api/v1/posts_controller.rb:8:in `index'
  [1m[36mComment Pluck (0.0ms)[0m  [1m[34mSELECT "comments"."id" FROM "comments" WHERE "comments"."post_id" = $1[0m  [["post_id", 8]]
  ↳ app/controllers/api/v1/posts_controller.rb:8:in `index'
  [1m[36mComment Load (0.0ms)[0m  [1m[34mSELECT "comments".* FROM "comments" WHERE "comments"."post_id" = $1[0m  [["post_id", 8]]
  ↳ app/controllers/api/v1/posts_controller.rb:8:in `index'
  [1m[36mComment Pluck (0.0ms)[0m  [1m[34mSELECT "comments"."id" FROM "comments" WHERE "comments"."post_id" = $1[0m  [["post_id", 9]]
  ↳ app/controllers/api/v1/posts_controller.rb:8:in `index'
  [1m[36mComment Load (0.1ms)[0m  [1m[34mSELECT "comments".* FROM "comments" WHERE "comments"."post_id" = $1[0m  [["post_id", 9]]
  ↳ app/controllers/api/v1/posts_controller.rb:8:in `index'
Completed 200 OK in 65ms (Views: 0.9ms | ActiveRecord: 26.8ms | Allocations: 45997)


Started GET "/api/v1/how-to-grow-a-plant" for 127.0.0.1 at 2024-01-14 16:27:30 +0800
Processing by PagesController#index as */*
  Parameters: {"path"=>"api/v1/how-to-grow-a-plant"}
No template found for PagesController#index, rendering head :no_content
Completed 204 No Content in 3ms (ActiveRecord: 0.0ms | Allocations: 1088)


Started GET "/api/v1/posts/how-to-grow-a-plant" for 127.0.0.1 at 2024-01-14 16:27:41 +0800
Processing by Api::V1::PostsController#show as */*
  Parameters: {"slug"=>"how-to-grow-a-plant"}
  [1m[36mPost Load (0.4ms)[0m  [1m[34mSELECT "posts".* FROM "posts" WHERE "posts"."slug" = $1 LIMIT $2[0m  [["slug", "how-to-grow-a-plant"], ["LIMIT", 1]]
  ↳ app/controllers/api/v1/posts_controller.rb:12:in `show'
  [1m[36mComment Pluck (0.2ms)[0m  [1m[34mSELECT "comments"."id" FROM "comments" WHERE "comments"."post_id" = $1[0m  [["post_id", 3]]
  ↳ app/controllers/api/v1/posts_controller.rb:14:in `show'
  [1m[36mComment Load (0.1ms)[0m  [1m[34mSELECT "comments".* FROM "comments" WHERE "comments"."post_id" = $1[0m  [["post_id", 3]]
  ↳ app/controllers/api/v1/posts_controller.rb:14:in `show'
Completed 200 OK in 9ms (Views: 0.2ms | ActiveRecord: 0.6ms | Allocations: 2494)


Started POST "/api/v1/posts" for 127.0.0.1 at 2024-01-14 16:29:04 +0800
Processing by Api::V1::PostsController#create as */*
  Parameters: {"title"=>"How to get fit", "post"=>{"title"=>"How to get fit"}}
Can't verify CSRF token authenticity.
Completed 422 Unprocessable Entity in 0ms (ActiveRecord: 0.0ms | Allocations: 461)


  
ActionController::InvalidAuthenticityToken (Can't verify CSRF token authenticity.):
  
actionpack (7.1.2) lib/action_controller/metal/request_forgery_protection.rb:293:in `handle_unverified_request'
actionpack (7.1.2) lib/action_controller/metal/request_forgery_protection.rb:388:in `handle_unverified_request'
actionpack (7.1.2) lib/action_controller/metal/request_forgery_protection.rb:377:in `verify_authenticity_token'
activesupport (7.1.2) lib/active_support/callbacks.rb:403:in `block in make_lambda'
activesupport (7.1.2) lib/active_support/callbacks.rb:202:in `block (2 levels) in halting'
actionpack (7.1.2) lib/abstract_controller/callbacks.rb:34:in `block (2 levels) in <module:Callbacks>'
activesupport (7.1.2) lib/active_support/callbacks.rb:203:in `block in halting'
activesupport (7.1.2) lib/active_support/callbacks.rb:598:in `block in invoke_before'
activesupport (7.1.2) lib/active_support/callbacks.rb:598:in `each'
activesupport (7.1.2) lib/active_support/callbacks.rb:598:in `invoke_before'
activesupport (7.1.2) lib/active_support/callbacks.rb:119:in `block in run_callbacks'
activesupport (7.1.2) lib/active_support/callbacks.rb:141:in `run_callbacks'
actionpack (7.1.2) lib/abstract_controller/callbacks.rb:258:in `process_action'
actionpack (7.1.2) lib/action_controller/metal/rescue.rb:25:in `process_action'
actionpack (7.1.2) lib/action_controller/metal/instrumentation.rb:74:in `block in process_action'
activesupport (7.1.2) lib/active_support/notifications.rb:206:in `block in instrument'
activesupport (7.1.2) lib/active_support/notifications/instrumenter.rb:58:in `instrument'
activesupport (7.1.2) lib/active_support/notifications.rb:206:in `instrument'
actionpack (7.1.2) lib/action_controller/metal/instrumentation.rb:73:in `process_action'
actionpack (7.1.2) lib/action_controller/metal/params_wrapper.rb:261:in `process_action'
activerecord (7.1.2) lib/active_record/railties/controller_runtime.rb:32:in `process_action'
actionpack (7.1.2) lib/abstract_controller/base.rb:160:in `process'
actionview (7.1.2) lib/action_view/rendering.rb:40:in `process'
actionpack (7.1.2) lib/action_controller/metal.rb:227:in `dispatch'
actionpack (7.1.2) lib/action_controller/metal.rb:309:in `dispatch'
actionpack (7.1.2) lib/action_dispatch/routing/route_set.rb:49:in `dispatch'
actionpack (7.1.2) lib/action_dispatch/routing/route_set.rb:32:in `serve'
actionpack (7.1.2) lib/action_dispatch/journey/router.rb:51:in `block in serve'
actionpack (7.1.2) lib/action_dispatch/journey/router.rb:131:in `block in find_routes'
actionpack (7.1.2) lib/action_dispatch/journey/router.rb:124:in `each'
actionpack (7.1.2) lib/action_dispatch/journey/router.rb:124:in `find_routes'
actionpack (7.1.2) lib/action_dispatch/journey/router.rb:32:in `serve'
actionpack (7.1.2) lib/action_dispatch/routing/route_set.rb:882:in `call'
rack (3.0.8) lib/rack/tempfile_reaper.rb:20:in `call'
rack (3.0.8) lib/rack/etag.rb:29:in `call'
rack (3.0.8) lib/rack/conditional_get.rb:43:in `call'
rack (3.0.8) lib/rack/head.rb:15:in `call'
actionpack (7.1.2) lib/action_dispatch/http/permissions_policy.rb:36:in `call'
actionpack (7.1.2) lib/action_dispatch/http/content_security_policy.rb:33:in `call'
rack-session (2.0.0) lib/rack/session/abstract/id.rb:272:in `context'
rack-session (2.0.0) lib/rack/session/abstract/id.rb:266:in `call'
actionpack (7.1.2) lib/action_dispatch/middleware/cookies.rb:689:in `call'
activerecord (7.1.2) lib/active_record/migration.rb:654:in `call'
actionpack (7.1.2) lib/action_dispatch/middleware/callbacks.rb:29:in `block in call'
activesupport (7.1.2) lib/active_support/callbacks.rb:101:in `run_callbacks'
actionpack (7.1.2) lib/action_dispatch/middleware/callbacks.rb:28:in `call'
actionpack (7.1.2) lib/action_dispatch/middleware/executor.rb:14:in `call'
actionpack (7.1.2) lib/action_dispatch/middleware/actionable_exceptions.rb:16:in `call'
actionpack (7.1.2) lib/action_dispatch/middleware/debug_exceptions.rb:29:in `call'
web-console (4.2.1) lib/web_console/middleware.rb:132:in `call_app'
web-console (4.2.1) lib/web_console/middleware.rb:28:in `block in call'
web-console (4.2.1) lib/web_console/middleware.rb:17:in `catch'
web-console (4.2.1) lib/web_console/middleware.rb:17:in `call'
actionpack (7.1.2) lib/action_dispatch/middleware/show_exceptions.rb:31:in `call'
railties (7.1.2) lib/rails/rack/logger.rb:37:in `call_app'
railties (7.1.2) lib/rails/rack/logger.rb:24:in `block in call'
activesupport (7.1.2) lib/active_support/tagged_logging.rb:135:in `block in tagged'
activesupport (7.1.2) lib/active_support/tagged_logging.rb:39:in `tagged'
activesupport (7.1.2) lib/active_support/tagged_logging.rb:135:in `tagged'
activesupport (7.1.2) lib/active_support/broadcast_logger.rb:240:in `method_missing'
railties (7.1.2) lib/rails/rack/logger.rb:24:in `call'
sprockets-rails (3.4.2) lib/sprockets/rails/quiet_assets.rb:13:in `call'
actionpack (7.1.2) lib/action_dispatch/middleware/remote_ip.rb:92:in `call'
actionpack (7.1.2) lib/action_dispatch/middleware/request_id.rb:28:in `call'
rack (3.0.8) lib/rack/method_override.rb:28:in `call'
rack (3.0.8) lib/rack/runtime.rb:24:in `call'
activesupport (7.1.2) lib/active_support/cache/strategy/local_cache_middleware.rb:29:in `call'
actionpack (7.1.2) lib/action_dispatch/middleware/server_timing.rb:59:in `block in call'
actionpack (7.1.2) lib/action_dispatch/middleware/server_timing.rb:24:in `collect_events'
actionpack (7.1.2) lib/action_dispatch/middleware/server_timing.rb:58:in `call'
actionpack (7.1.2) lib/action_dispatch/middleware/executor.rb:14:in `call'
actionpack (7.1.2) lib/action_dispatch/middleware/static.rb:25:in `call'
rack (3.0.8) lib/rack/sendfile.rb:114:in `call'
actionpack (7.1.2) lib/action_dispatch/middleware/host_authorization.rb:141:in `call'
webpacker (5.4.4) lib/webpacker/dev_server_proxy.rb:25:in `perform_request'
rack-proxy (0.7.7) lib/rack/proxy.rb:87:in `call'
railties (7.1.2) lib/rails/engine.rb:529:in `call'
puma (6.4.2) lib/puma/configuration.rb:272:in `call'
puma (6.4.2) lib/puma/request.rb:100:in `block in handle_request'
puma (6.4.2) lib/puma/thread_pool.rb:378:in `with_force_shutdown'
puma (6.4.2) lib/puma/request.rb:99:in `handle_request'
puma (6.4.2) lib/puma/server.rb:464:in `process_client'
puma (6.4.2) lib/puma/server.rb:245:in `block in run'
puma (6.4.2) lib/puma/thread_pool.rb:155:in `block in spawn_thread'
Started POST "/api/v1/posts" for 127.0.0.1 at 2024-01-14 16:32:07 +0800
  [1m[36mActiveRecord::SchemaMigration Load (12.5ms)[0m  [1m[34mSELECT "schema_migrations"."version" FROM "schema_migrations" ORDER BY "schema_migrations"."version" ASC[0m
Processing by Api::V1::PostsController#create as */*
  Parameters: {"title"=>"How to get fit", "post"=>{"title"=>"How to get fit"}}
Can't verify CSRF token authenticity.
  [1m[36mTRANSACTION (0.1ms)[0m  [1m[35mBEGIN[0m
  ↳ app/controllers/api/v1/posts_controller.rb:22:in `create'
  [1m[36mPost Create (0.9ms)[0m  [1m[32mINSERT INTO "posts" ("title", "body", "slug", "created_at", "updated_at", "category") VALUES ($1, $2, $3, $4, $5, $6) RETURNING "id"[0m  [["title", "How to get fit"], ["body", nil], ["slug", "how-to-get-fit"], ["created_at", "2024-01-14 08:32:07.943273"], ["updated_at", "2024-01-14 08:32:07.943273"], ["category", nil]]
  ↳ app/controllers/api/v1/posts_controller.rb:22:in `create'
  [1m[36mTRANSACTION (0.5ms)[0m  [1m[35mCOMMIT[0m
  ↳ app/controllers/api/v1/posts_controller.rb:22:in `create'
  [1m[36mComment Pluck (0.8ms)[0m  [1m[34mSELECT "comments"."id" FROM "comments" WHERE "comments"."post_id" = $1[0m  [["post_id", 10]]
  ↳ app/controllers/api/v1/posts_controller.rb:23:in `create'
Completed 200 OK in 29ms (Views: 4.5ms | ActiveRecord: 25.8ms | Allocations: 23817)


Started PATCH "/api/v1/posts/how-to-grow-a-plant" for 127.0.0.1 at 2024-01-14 16:38:20 +0800
Processing by Api::V1::PostsController#update as */*
  Parameters: {"title"=>"other fake post", "slug"=>"how-to-grow-a-plant", "post"=>{"title"=>"other fake post"}}
Can't verify CSRF token authenticity.
  [1m[36mPost Load (0.6ms)[0m  [1m[34mSELECT "posts".* FROM "posts" WHERE "posts"."slug" = $1 LIMIT $2[0m  [["slug", "how-to-grow-a-plant"], ["LIMIT", 1]]
  ↳ app/controllers/api/v1/posts_controller.rb:30:in `update'
  [1m[36mTRANSACTION (0.1ms)[0m  [1m[35mBEGIN[0m
  ↳ app/controllers/api/v1/posts_controller.rb:32:in `update'
  [1m[36mPost Update (1.1ms)[0m  [1m[33mUPDATE "posts" SET "title" = $1, "updated_at" = $2 WHERE "posts"."id" = $3[0m  [["title", "other fake post"], ["updated_at", "2024-01-14 08:38:20.272806"], ["id", 3]]
  ↳ app/controllers/api/v1/posts_controller.rb:32:in `update'
  [1m[36mTRANSACTION (0.4ms)[0m  [1m[35mCOMMIT[0m
  ↳ app/controllers/api/v1/posts_controller.rb:32:in `update'
  [1m[36mComment Pluck (0.7ms)[0m  [1m[34mSELECT "comments"."id" FROM "comments" WHERE "comments"."post_id" = $1[0m  [["post_id", 3]]
  ↳ app/controllers/api/v1/posts_controller.rb:33:in `update'
  [1m[36mComment Load (0.2ms)[0m  [1m[34mSELECT "comments".* FROM "comments" WHERE "comments"."post_id" = $1[0m  [["post_id", 3]]
  ↳ app/controllers/api/v1/posts_controller.rb:33:in `update'
Completed 200 OK in 49ms (Views: 0.1ms | ActiveRecord: 10.6ms | Allocations: 20762)


Started PATCH "/api/v1/posts/how-to-grow-a-plant" for 127.0.0.1 at 2024-01-14 16:38:38 +0800
Processing by Api::V1::PostsController#update as */*
  Parameters: {"title"=>"How to grow a plant", "slug"=>"how-to-grow-a-plant", "post"=>{"title"=>"How to grow a plant"}}
Can't verify CSRF token authenticity.
  [1m[36mPost Load (0.3ms)[0m  [1m[34mSELECT "posts".* FROM "posts" WHERE "posts"."slug" = $1 LIMIT $2[0m  [["slug", "how-to-grow-a-plant"], ["LIMIT", 1]]
  ↳ app/controllers/api/v1/posts_controller.rb:30:in `update'
  [1m[36mComment Pluck (0.2ms)[0m  [1m[34mSELECT "comments"."id" FROM "comments" WHERE "comments"."post_id" = $1[0m  [["post_id", 5]]
  ↳ app/controllers/api/v1/posts_controller.rb:33:in `update'
  [1m[36mComment Load (0.1ms)[0m  [1m[34mSELECT "comments".* FROM "comments" WHERE "comments"."post_id" = $1[0m  [["post_id", 5]]
  ↳ app/controllers/api/v1/posts_controller.rb:33:in `update'
Completed 200 OK in 5ms (Views: 0.2ms | ActiveRecord: 0.6ms | Allocations: 1930)


Started PATCH "/api/v1/posts/how-to-get-fit" for 127.0.0.1 at 2024-01-14 16:39:03 +0800
Processing by Api::V1::PostsController#update as */*
  Parameters: {"title"=>"fake post", "slug"=>"how-to-get-fit", "post"=>{"title"=>"fake post"}}
Can't verify CSRF token authenticity.
  [1m[36mPost Load (0.2ms)[0m  [1m[34mSELECT "posts".* FROM "posts" WHERE "posts"."slug" = $1 LIMIT $2[0m  [["slug", "how-to-get-fit"], ["LIMIT", 1]]
  ↳ app/controllers/api/v1/posts_controller.rb:30:in `update'
  [1m[36mTRANSACTION (0.1ms)[0m  [1m[35mBEGIN[0m
  ↳ app/controllers/api/v1/posts_controller.rb:32:in `update'
  [1m[36mPost Update (1.1ms)[0m  [1m[33mUPDATE "posts" SET "title" = $1, "updated_at" = $2 WHERE "posts"."id" = $3[0m  [["title", "fake post"], ["updated_at", "2024-01-14 08:39:03.270244"], ["id", 10]]
  ↳ app/controllers/api/v1/posts_controller.rb:32:in `update'
  [1m[36mTRANSACTION (0.4ms)[0m  [1m[35mCOMMIT[0m
  ↳ app/controllers/api/v1/posts_controller.rb:32:in `update'
  [1m[36mComment Pluck (0.1ms)[0m  [1m[34mSELECT "comments"."id" FROM "comments" WHERE "comments"."post_id" = $1[0m  [["post_id", 10]]
  ↳ app/controllers/api/v1/posts_controller.rb:33:in `update'
  [1m[36mComment Load (0.1ms)[0m  [1m[34mSELECT "comments".* FROM "comments" WHERE "comments"."post_id" = $1[0m  [["post_id", 10]]
  ↳ app/controllers/api/v1/posts_controller.rb:33:in `update'
Completed 200 OK in 8ms (Views: 0.2ms | ActiveRecord: 2.0ms | Allocations: 3422)


Started DELETE "/api/v1/posts/how-to-get-fit" for 127.0.0.1 at 2024-01-14 16:39:36 +0800
Processing by Api::V1::PostsController#destroy as */*
  Parameters: {"slug"=>"how-to-get-fit"}
Can't verify CSRF token authenticity.
  [1m[36mPost Load (0.2ms)[0m  [1m[34mSELECT "posts".* FROM "posts" WHERE "posts"."slug" = $1 LIMIT $2[0m  [["slug", "how-to-get-fit"], ["LIMIT", 1]]
  ↳ app/controllers/api/v1/posts_controller.rb:40:in `destroy'
  [1m[36mTRANSACTION (0.1ms)[0m  [1m[35mBEGIN[0m
  ↳ app/controllers/api/v1/posts_controller.rb:42:in `destroy'
  [1m[36mPost Destroy (1.3ms)[0m  [1m[31mDELETE FROM "posts" WHERE "posts"."id" = $1[0m  [["id", 10]]
  ↳ app/controllers/api/v1/posts_controller.rb:42:in `destroy'
  [1m[36mTRANSACTION (0.3ms)[0m  [1m[35mCOMMIT[0m
  ↳ app/controllers/api/v1/posts_controller.rb:42:in `destroy'
Completed 204 No Content in 5ms (ActiveRecord: 1.8ms | Allocations: 1812)


Started POST "/api/v1/comments" for 127.0.0.1 at 2024-01-14 16:41:55 +0800
Processing by Api::V1::CommentsController#create as */*
  Parameters: {"title"=>"Amazing", "body"=>"Once in a lifetime.", "post_id"=>4, "comment"=>{"title"=>"Amazing", "body"=>"Once in a lifetime.", "post_id"=>4}}
Can't verify CSRF token authenticity.
  [1m[36mTRANSACTION (0.2ms)[0m  [1m[35mBEGIN[0m
  ↳ app/controllers/api/v1/comments_controller.rb:10:in `create'
  [1m[36mPost Load (0.3ms)[0m  [1m[34mSELECT "posts".* FROM "posts" WHERE "posts"."id" = $1 LIMIT $2[0m  [["id", 4], ["LIMIT", 1]]
  ↳ app/controllers/api/v1/comments_controller.rb:10:in `create'
  [1m[36mComment Create (1.1ms)[0m  [1m[32mINSERT INTO "comments" ("title", "body", "post_id", "created_at", "updated_at") VALUES ($1, $2, $3, $4, $5) RETURNING "id"[0m  [["title", "Amazing"], ["body", "Once in a lifetime."], ["post_id", 4], ["created_at", "2024-01-14 08:41:56.032419"], ["updated_at", "2024-01-14 08:41:56.032419"]]
  ↳ app/controllers/api/v1/comments_controller.rb:10:in `create'
  [1m[36mTRANSACTION (0.6ms)[0m  [1m[35mCOMMIT[0m
  ↳ app/controllers/api/v1/comments_controller.rb:10:in `create'
Completed 200 OK in 12ms (Views: 0.2ms | ActiveRecord: 2.1ms | Allocations: 7714)


Started GET "/api/v1/posts/orchard-road-christmas-celebrations" for 127.0.0.1 at 2024-01-14 16:42:25 +0800
Processing by Api::V1::PostsController#show as */*
  Parameters: {"slug"=>"orchard-road-christmas-celebrations"}
  [1m[36mPost Load (0.3ms)[0m  [1m[34mSELECT "posts".* FROM "posts" WHERE "posts"."slug" = $1 LIMIT $2[0m  [["slug", "orchard-road-christmas-celebrations"], ["LIMIT", 1]]
  ↳ app/controllers/api/v1/posts_controller.rb:14:in `show'
Completed 200 OK in 3ms (Views: 0.2ms | ActiveRecord: 0.3ms | Allocations: 569)


Started DELETE "/api/v1/comments/4" for 127.0.0.1 at 2024-01-14 16:43:34 +0800
Processing by Api::V1::CommentsController#destroy as */*
  Parameters: {"id"=>"4"}
Can't verify CSRF token authenticity.
  [1m[36mComment Load (0.3ms)[0m  [1m[34mSELECT "comments".* FROM "comments" WHERE "comments"."id" = $1 LIMIT $2[0m  [["id", 4], ["LIMIT", 1]]
  ↳ app/controllers/api/v1/comments_controller.rb:18:in `destroy'
  [1m[36mTRANSACTION (0.1ms)[0m  [1m[35mBEGIN[0m
  ↳ app/controllers/api/v1/comments_controller.rb:20:in `destroy'
  [1m[36mComment Destroy (1.3ms)[0m  [1m[31mDELETE FROM "comments" WHERE "comments"."id" = $1[0m  [["id", 4]]
  ↳ app/controllers/api/v1/comments_controller.rb:20:in `destroy'
  [1m[36mTRANSACTION (0.3ms)[0m  [1m[35mCOMMIT[0m
  ↳ app/controllers/api/v1/comments_controller.rb:20:in `destroy'
Completed 204 No Content in 6ms (ActiveRecord: 1.9ms | Allocations: 2352)


Started GET "/" for ::1 at 2024-01-14 16:52:21 +0800
  [1m[36mActiveRecord::SchemaMigration Load (0.7ms)[0m  [1m[34mSELECT "schema_migrations"."version" FROM "schema_migrations" ORDER BY "schema_migrations"."version" ASC[0m
Processing by PagesController#index as HTML
Completed 406 Not Acceptable in 2ms (ActiveRecord: 0.0ms | Allocations: 1942)


  
ActionController::MissingExactTemplate (PagesController#index is missing a template for request formats: text/html):
  
actionpack (7.1.2) lib/action_controller/metal/implicit_render.rb:47:in `default_render'
actionpack (7.1.2) lib/action_controller/metal/basic_implicit_render.rb:7:in `send_action'
actionpack (7.1.2) lib/abstract_controller/base.rb:224:in `process_action'
actionpack (7.1.2) lib/action_controller/metal/rendering.rb:165:in `process_action'
actionpack (7.1.2) lib/abstract_controller/callbacks.rb:259:in `block in process_action'
activesupport (7.1.2) lib/active_support/callbacks.rb:121:in `block in run_callbacks'
actiontext (7.1.2) lib/action_text/rendering.rb:23:in `with_renderer'
actiontext (7.1.2) lib/action_text/engine.rb:69:in `block (4 levels) in <class:Engine>'
activesupport (7.1.2) lib/active_support/callbacks.rb:130:in `instance_exec'
activesupport (7.1.2) lib/active_support/callbacks.rb:130:in `block in run_callbacks'
activesupport (7.1.2) lib/active_support/callbacks.rb:141:in `run_callbacks'
actionpack (7.1.2) lib/abstract_controller/callbacks.rb:258:in `process_action'
actionpack (7.1.2) lib/action_controller/metal/rescue.rb:25:in `process_action'
actionpack (7.1.2) lib/action_controller/metal/instrumentation.rb:74:in `block in process_action'
activesupport (7.1.2) lib/active_support/notifications.rb:206:in `block in instrument'
activesupport (7.1.2) lib/active_support/notifications/instrumenter.rb:58:in `instrument'
activesupport (7.1.2) lib/active_support/notifications.rb:206:in `instrument'
actionpack (7.1.2) lib/action_controller/metal/instrumentation.rb:73:in `process_action'
actionpack (7.1.2) lib/action_controller/metal/params_wrapper.rb:261:in `process_action'
activerecord (7.1.2) lib/active_record/railties/controller_runtime.rb:32:in `process_action'
actionpack (7.1.2) lib/abstract_controller/base.rb:160:in `process'
actionview (7.1.2) lib/action_view/rendering.rb:40:in `process'
actionpack (7.1.2) lib/action_controller/metal.rb:227:in `dispatch'
actionpack (7.1.2) lib/action_controller/metal.rb:309:in `dispatch'
actionpack (7.1.2) lib/action_dispatch/routing/route_set.rb:49:in `dispatch'
actionpack (7.1.2) lib/action_dispatch/routing/route_set.rb:32:in `serve'
actionpack (7.1.2) lib/action_dispatch/journey/router.rb:51:in `block in serve'
actionpack (7.1.2) lib/action_dispatch/journey/router.rb:131:in `block in find_routes'
actionpack (7.1.2) lib/action_dispatch/journey/router.rb:124:in `each'
actionpack (7.1.2) lib/action_dispatch/journey/router.rb:124:in `find_routes'
actionpack (7.1.2) lib/action_dispatch/journey/router.rb:32:in `serve'
actionpack (7.1.2) lib/action_dispatch/routing/route_set.rb:882:in `call'
rack (3.0.8) lib/rack/tempfile_reaper.rb:20:in `call'
rack (3.0.8) lib/rack/etag.rb:29:in `call'
rack (3.0.8) lib/rack/conditional_get.rb:31:in `call'
rack (3.0.8) lib/rack/head.rb:15:in `call'
actionpack (7.1.2) lib/action_dispatch/http/permissions_policy.rb:36:in `call'
actionpack (7.1.2) lib/action_dispatch/http/content_security_policy.rb:33:in `call'
rack-session (2.0.0) lib/rack/session/abstract/id.rb:272:in `context'
rack-session (2.0.0) lib/rack/session/abstract/id.rb:266:in `call'
actionpack (7.1.2) lib/action_dispatch/middleware/cookies.rb:689:in `call'
activerecord (7.1.2) lib/active_record/migration.rb:654:in `call'
actionpack (7.1.2) lib/action_dispatch/middleware/callbacks.rb:29:in `block in call'
activesupport (7.1.2) lib/active_support/callbacks.rb:101:in `run_callbacks'
actionpack (7.1.2) lib/action_dispatch/middleware/callbacks.rb:28:in `call'
actionpack (7.1.2) lib/action_dispatch/middleware/executor.rb:14:in `call'
actionpack (7.1.2) lib/action_dispatch/middleware/actionable_exceptions.rb:16:in `call'
actionpack (7.1.2) lib/action_dispatch/middleware/debug_exceptions.rb:29:in `call'
web-console (4.2.1) lib/web_console/middleware.rb:132:in `call_app'
web-console (4.2.1) lib/web_console/middleware.rb:28:in `block in call'
web-console (4.2.1) lib/web_console/middleware.rb:17:in `catch'
web-console (4.2.1) lib/web_console/middleware.rb:17:in `call'
actionpack (7.1.2) lib/action_dispatch/middleware/show_exceptions.rb:31:in `call'
railties (7.1.2) lib/rails/rack/logger.rb:37:in `call_app'
railties (7.1.2) lib/rails/rack/logger.rb:24:in `block in call'
activesupport (7.1.2) lib/active_support/tagged_logging.rb:135:in `block in tagged'
activesupport (7.1.2) lib/active_support/tagged_logging.rb:39:in `tagged'
activesupport (7.1.2) lib/active_support/tagged_logging.rb:135:in `tagged'
activesupport (7.1.2) lib/active_support/broadcast_logger.rb:240:in `method_missing'
railties (7.1.2) lib/rails/rack/logger.rb:24:in `call'
sprockets-rails (3.4.2) lib/sprockets/rails/quiet_assets.rb:13:in `call'
actionpack (7.1.2) lib/action_dispatch/middleware/remote_ip.rb:92:in `call'
actionpack (7.1.2) lib/action_dispatch/middleware/request_id.rb:28:in `call'
rack (3.0.8) lib/rack/method_override.rb:28:in `call'
rack (3.0.8) lib/rack/runtime.rb:24:in `call'
activesupport (7.1.2) lib/active_support/cache/strategy/local_cache_middleware.rb:29:in `call'
actionpack (7.1.2) lib/action_dispatch/middleware/server_timing.rb:59:in `block in call'
actionpack (7.1.2) lib/action_dispatch/middleware/server_timing.rb:24:in `collect_events'
actionpack (7.1.2) lib/action_dispatch/middleware/server_timing.rb:58:in `call'
actionpack (7.1.2) lib/action_dispatch/middleware/executor.rb:14:in `call'
actionpack (7.1.2) lib/action_dispatch/middleware/static.rb:25:in `call'
rack (3.0.8) lib/rack/sendfile.rb:114:in `call'
actionpack (7.1.2) lib/action_dispatch/middleware/host_authorization.rb:141:in `call'
webpacker (5.4.4) lib/webpacker/dev_server_proxy.rb:25:in `perform_request'
rack-proxy (0.7.7) lib/rack/proxy.rb:87:in `call'
railties (7.1.2) lib/rails/engine.rb:529:in `call'
puma (6.4.2) lib/puma/configuration.rb:272:in `call'
puma (6.4.2) lib/puma/request.rb:100:in `block in handle_request'
puma (6.4.2) lib/puma/thread_pool.rb:378:in `with_force_shutdown'
puma (6.4.2) lib/puma/request.rb:99:in `handle_request'
puma (6.4.2) lib/puma/server.rb:464:in `process_client'
puma (6.4.2) lib/puma/server.rb:245:in `block in run'
puma (6.4.2) lib/puma/thread_pool.rb:155:in `block in spawn_thread'
Started GET "/" for ::1 at 2024-01-14 16:52:22 +0800
Processing by PagesController#index as HTML
Completed 406 Not Acceptable in 2ms (ActiveRecord: 0.0ms | Allocations: 548)


  
ActionController::MissingExactTemplate (PagesController#index is missing a template for request formats: text/html):
  
actionpack (7.1.2) lib/action_controller/metal/implicit_render.rb:47:in `default_render'
actionpack (7.1.2) lib/action_controller/metal/basic_implicit_render.rb:7:in `send_action'
actionpack (7.1.2) lib/abstract_controller/base.rb:224:in `process_action'
actionpack (7.1.2) lib/action_controller/metal/rendering.rb:165:in `process_action'
actionpack (7.1.2) lib/abstract_controller/callbacks.rb:259:in `block in process_action'
activesupport (7.1.2) lib/active_support/callbacks.rb:121:in `block in run_callbacks'
actiontext (7.1.2) lib/action_text/rendering.rb:23:in `with_renderer'
actiontext (7.1.2) lib/action_text/engine.rb:69:in `block (4 levels) in <class:Engine>'
activesupport (7.1.2) lib/active_support/callbacks.rb:130:in `instance_exec'
activesupport (7.1.2) lib/active_support/callbacks.rb:130:in `block in run_callbacks'
activesupport (7.1.2) lib/active_support/callbacks.rb:141:in `run_callbacks'
actionpack (7.1.2) lib/abstract_controller/callbacks.rb:258:in `process_action'
actionpack (7.1.2) lib/action_controller/metal/rescue.rb:25:in `process_action'
actionpack (7.1.2) lib/action_controller/metal/instrumentation.rb:74:in `block in process_action'
activesupport (7.1.2) lib/active_support/notifications.rb:206:in `block in instrument'
activesupport (7.1.2) lib/active_support/notifications/instrumenter.rb:58:in `instrument'
activesupport (7.1.2) lib/active_support/notifications.rb:206:in `instrument'
actionpack (7.1.2) lib/action_controller/metal/instrumentation.rb:73:in `process_action'
actionpack (7.1.2) lib/action_controller/metal/params_wrapper.rb:261:in `process_action'
activerecord (7.1.2) lib/active_record/railties/controller_runtime.rb:32:in `process_action'
actionpack (7.1.2) lib/abstract_controller/base.rb:160:in `process'
actionview (7.1.2) lib/action_view/rendering.rb:40:in `process'
actionpack (7.1.2) lib/action_controller/metal.rb:227:in `dispatch'
actionpack (7.1.2) lib/action_controller/metal.rb:309:in `dispatch'
actionpack (7.1.2) lib/action_dispatch/routing/route_set.rb:49:in `dispatch'
actionpack (7.1.2) lib/action_dispatch/routing/route_set.rb:32:in `serve'
actionpack (7.1.2) lib/action_dispatch/journey/router.rb:51:in `block in serve'
actionpack (7.1.2) lib/action_dispatch/journey/router.rb:131:in `block in find_routes'
actionpack (7.1.2) lib/action_dispatch/journey/router.rb:124:in `each'
actionpack (7.1.2) lib/action_dispatch/journey/router.rb:124:in `find_routes'
actionpack (7.1.2) lib/action_dispatch/journey/router.rb:32:in `serve'
actionpack (7.1.2) lib/action_dispatch/routing/route_set.rb:882:in `call'
rack (3.0.8) lib/rack/tempfile_reaper.rb:20:in `call'
rack (3.0.8) lib/rack/etag.rb:29:in `call'
rack (3.0.8) lib/rack/conditional_get.rb:31:in `call'
rack (3.0.8) lib/rack/head.rb:15:in `call'
actionpack (7.1.2) lib/action_dispatch/http/permissions_policy.rb:36:in `call'
actionpack (7.1.2) lib/action_dispatch/http/content_security_policy.rb:33:in `call'
rack-session (2.0.0) lib/rack/session/abstract/id.rb:272:in `context'
rack-session (2.0.0) lib/rack/session/abstract/id.rb:266:in `call'
actionpack (7.1.2) lib/action_dispatch/middleware/cookies.rb:689:in `call'
activerecord (7.1.2) lib/active_record/migration.rb:654:in `call'
actionpack (7.1.2) lib/action_dispatch/middleware/callbacks.rb:29:in `block in call'
activesupport (7.1.2) lib/active_support/callbacks.rb:101:in `run_callbacks'
actionpack (7.1.2) lib/action_dispatch/middleware/callbacks.rb:28:in `call'
actionpack (7.1.2) lib/action_dispatch/middleware/executor.rb:14:in `call'
actionpack (7.1.2) lib/action_dispatch/middleware/actionable_exceptions.rb:16:in `call'
actionpack (7.1.2) lib/action_dispatch/middleware/debug_exceptions.rb:29:in `call'
web-console (4.2.1) lib/web_console/middleware.rb:132:in `call_app'
web-console (4.2.1) lib/web_console/middleware.rb:28:in `block in call'
web-console (4.2.1) lib/web_console/middleware.rb:17:in `catch'
web-console (4.2.1) lib/web_console/middleware.rb:17:in `call'
actionpack (7.1.2) lib/action_dispatch/middleware/show_exceptions.rb:31:in `call'
railties (7.1.2) lib/rails/rack/logger.rb:37:in `call_app'
railties (7.1.2) lib/rails/rack/logger.rb:24:in `block in call'
activesupport (7.1.2) lib/active_support/tagged_logging.rb:135:in `block in tagged'
activesupport (7.1.2) lib/active_support/tagged_logging.rb:39:in `tagged'
activesupport (7.1.2) lib/active_support/tagged_logging.rb:135:in `tagged'
activesupport (7.1.2) lib/active_support/broadcast_logger.rb:240:in `method_missing'
railties (7.1.2) lib/rails/rack/logger.rb:24:in `call'
sprockets-rails (3.4.2) lib/sprockets/rails/quiet_assets.rb:13:in `call'
actionpack (7.1.2) lib/action_dispatch/middleware/remote_ip.rb:92:in `call'
actionpack (7.1.2) lib/action_dispatch/middleware/request_id.rb:28:in `call'
rack (3.0.8) lib/rack/method_override.rb:28:in `call'
rack (3.0.8) lib/rack/runtime.rb:24:in `call'
activesupport (7.1.2) lib/active_support/cache/strategy/local_cache_middleware.rb:29:in `call'
actionpack (7.1.2) lib/action_dispatch/middleware/server_timing.rb:59:in `block in call'
actionpack (7.1.2) lib/action_dispatch/middleware/server_timing.rb:24:in `collect_events'
actionpack (7.1.2) lib/action_dispatch/middleware/server_timing.rb:58:in `call'
actionpack (7.1.2) lib/action_dispatch/middleware/executor.rb:14:in `call'
actionpack (7.1.2) lib/action_dispatch/middleware/static.rb:25:in `call'
rack (3.0.8) lib/rack/sendfile.rb:114:in `call'
actionpack (7.1.2) lib/action_dispatch/middleware/host_authorization.rb:141:in `call'
webpacker (5.4.4) lib/webpacker/dev_server_proxy.rb:25:in `perform_request'
rack-proxy (0.7.7) lib/rack/proxy.rb:87:in `call'
railties (7.1.2) lib/rails/engine.rb:529:in `call'
puma (6.4.2) lib/puma/configuration.rb:272:in `call'
puma (6.4.2) lib/puma/request.rb:100:in `block in handle_request'
puma (6.4.2) lib/puma/thread_pool.rb:378:in `with_force_shutdown'
puma (6.4.2) lib/puma/request.rb:99:in `handle_request'
puma (6.4.2) lib/puma/server.rb:464:in `process_client'
puma (6.4.2) lib/puma/server.rb:245:in `block in run'
puma (6.4.2) lib/puma/thread_pool.rb:155:in `block in spawn_thread'
Started GET "/" for ::1 at 2024-01-14 16:55:26 +0800
  [1m[36mActiveRecord::SchemaMigration Load (1.0ms)[0m  [1m[34mSELECT "schema_migrations"."version" FROM "schema_migrations" ORDER BY "schema_migrations"."version" ASC[0m
Processing by PagesController#index as HTML
  Rendering layout layouts/application.html.erb
  Rendering pages/index.html.erb within layouts/application
  Rendered pages/index.html.erb within layouts/application (Duration: 0.2ms | Allocations: 172)
  Rendered layout layouts/application.html.erb (Duration: 128.9ms | Allocations: 97299)
Completed 200 OK in 135ms (Views: 130.6ms | ActiveRecord: 0.0ms | Allocations: 101387)


Started GET "/" for ::1 at 2024-01-14 16:57:20 +0800
  [1m[36mActiveRecord::SchemaMigration Load (0.7ms)[0m  [1m[34mSELECT "schema_migrations"."version" FROM "schema_migrations" ORDER BY "schema_migrations"."version" ASC[0m
Processing by PagesController#index as HTML
  Rendering layout layouts/application.html.erb
  Rendering pages/index.html.erb within layouts/application
  Rendered pages/index.html.erb within layouts/application (Duration: 0.2ms | Allocations: 172)
  Rendered layout layouts/application.html.erb (Duration: 47.5ms | Allocations: 41518)
Completed 200 OK in 51ms (Views: 48.9ms | ActiveRecord: 0.0ms | Allocations: 45603)


Started GET "/" for ::1 at 2024-01-14 16:59:01 +0800
Processing by PagesController#index as HTML
  Rendering layout layouts/application.html.erb
  Rendering pages/index.html.erb within layouts/application
  Rendered pages/index.html.erb within layouts/application (Duration: 0.1ms | Allocations: 6)
  Rendered layout layouts/application.html.erb (Duration: 6.3ms | Allocations: 1305)
Completed 200 OK in 8ms (Views: 7.0ms | ActiveRecord: 0.0ms | Allocations: 1553)


Started GET "/" for ::1 at 2024-01-14 17:04:07 +0800
  [1m[36mActiveRecord::SchemaMigration Load (0.9ms)[0m  [1m[34mSELECT "schema_migrations"."version" FROM "schema_migrations" ORDER BY "schema_migrations"."version" ASC[0m
Processing by PagesController#index as HTML
  Rendering layout layouts/application.html.erb
  Rendering pages/index.html.erb within layouts/application
  Rendered pages/index.html.erb within layouts/application (Duration: 0.1ms | Allocations: 172)
Importmap skipped missing path: application.js
Importmap skipped missing path: application.js
  Rendered layout layouts/application.html.erb (Duration: 35.8ms | Allocations: 43939)
Completed 200 OK in 40ms (Views: 37.2ms | ActiveRecord: 0.0ms | Allocations: 48027)


Started GET "/" for ::1 at 2024-01-14 17:04:31 +0800
  [1m[36mActiveRecord::SchemaMigration Load (0.8ms)[0m  [1m[34mSELECT "schema_migrations"."version" FROM "schema_migrations" ORDER BY "schema_migrations"."version" ASC[0m
Processing by PagesController#index as HTML
  Rendering layout layouts/application.html.erb
  Rendering pages/index.html.erb within layouts/application
  Rendered pages/index.html.erb within layouts/application (Duration: 0.1ms | Allocations: 172)
Importmap skipped missing path: application.js
Importmap skipped missing path: application.js
  Rendered layout layouts/application.html.erb (Duration: 26.5ms | Allocations: 36521)
Completed 200 OK in 31ms (Views: 27.9ms | ActiveRecord: 0.0ms | Allocations: 40610)


Started GET "/" for ::1 at 2024-01-14 17:04:49 +0800
  [1m[36mActiveRecord::SchemaMigration Load (0.7ms)[0m  [1m[34mSELECT "schema_migrations"."version" FROM "schema_migrations" ORDER BY "schema_migrations"."version" ASC[0m
Processing by PagesController#index as HTML
  Rendering layout layouts/application.html.erb
  Rendering pages/index.html.erb within layouts/application
  Rendered pages/index.html.erb within layouts/application (Duration: 0.2ms | Allocations: 172)
Importmap skipped missing path: application.js
Importmap skipped missing path: application.js
  Rendered layout layouts/application.html.erb (Duration: 26.0ms | Allocations: 36497)
Completed 200 OK in 30ms (Views: 27.4ms | ActiveRecord: 0.0ms | Allocations: 40586)


Started GET "/" for ::1 at 2024-01-14 17:06:13 +0800
  [1m[36mActiveRecord::SchemaMigration Load (0.6ms)[0m  [1m[34mSELECT "schema_migrations"."version" FROM "schema_migrations" ORDER BY "schema_migrations"."version" ASC[0m
Processing by PagesController#index as HTML
  Rendering layout layouts/application.html.erb
  Rendering pages/index.html.erb within layouts/application
  Rendered pages/index.html.erb within layouts/application (Duration: 0.1ms | Allocations: 172)
Importmap skipped missing path: application.js
Importmap skipped missing path: application.js
  Rendered layout layouts/application.html.erb (Duration: 29.8ms | Allocations: 36498)
Completed 200 OK in 33ms (Views: 31.1ms | ActiveRecord: 0.0ms | Allocations: 40587)


Started GET "/" for ::1 at 2024-01-14 17:08:04 +0800
  [1m[36mActiveRecord::SchemaMigration Load (1.0ms)[0m  [1m[34mSELECT "schema_migrations"."version" FROM "schema_migrations" ORDER BY "schema_migrations"."version" ASC[0m
Processing by PagesController#index as HTML
  Rendering layout layouts/application.html.erb
  Rendering pages/index.html.erb within layouts/application
  Rendered pages/index.html.erb within layouts/application (Duration: 0.1ms | Allocations: 172)
  Rendered layout layouts/application.html.erb (Duration: 33.2ms | Allocations: 41362)
Completed 200 OK in 37ms (Views: 34.4ms | ActiveRecord: 0.0ms | Allocations: 45450)


Started GET "/" for ::1 at 2024-01-14 17:15:08 +0800
  [1m[36mActiveRecord::SchemaMigration Load (0.6ms)[0m  [1m[34mSELECT "schema_migrations"."version" FROM "schema_migrations" ORDER BY "schema_migrations"."version" ASC[0m
Processing by PagesController#index as HTML
  Rendering layout layouts/application.html.erb
  Rendering pages/index.html.erb within layouts/application
  Rendered pages/index.html.erb within layouts/application (Duration: 0.2ms | Allocations: 172)
  Rendered layout layouts/application.html.erb (Duration: 25.8ms | Allocations: 35967)
Completed 200 OK in 30ms (Views: 27.4ms | ActiveRecord: 0.0ms | Allocations: 40056)


Started GET "/" for ::1 at 2024-01-14 17:15:42 +0800
  [1m[36mActiveRecord::SchemaMigration Load (0.9ms)[0m  [1m[34mSELECT "schema_migrations"."version" FROM "schema_migrations" ORDER BY "schema_migrations"."version" ASC[0m
Processing by PagesController#index as HTML
  Rendering layout layouts/application.html.erb
  Rendering pages/index.html.erb within layouts/application
  Rendered pages/index.html.erb within layouts/application (Duration: 0.1ms | Allocations: 172)
  Rendered layout layouts/application.html.erb (Duration: 31.6ms | Allocations: 35971)
Completed 200 OK in 35ms (Views: 33.0ms | ActiveRecord: 0.0ms | Allocations: 40060)


